[2026-07-02 18:17:25.498] [INFO ] [scan        ] Hardware Scan  (7.70s)
  >> 13th Gen Intel(R) Core(TM) i5-13400F
[2026-07-02 18:18:13.907] [INFO ] [scan        ] Windows Update Detection  (0.0ms)
  >> Available=0
[2026-07-02 18:18:15.343] [INFO ] [scan        ] Performance  (2.15s)
  >> CPU=48% RAM=88%
[2026-07-02 18:18:17.111] [INFO ] [scan        ] Reliability  (3.91s)
  >> index=0.000000 BSOD=0
[2026-07-02 18:18:21.000] [INFO ] [scan        ] Hardware Scan  (7.80s)
  >> 13th Gen Intel(R) Core(TM) i5-13400F
[2026-07-02 18:18:26.895] [INFO ] [scan        ] Windows Info  (13.70s)
  >> Microsoft Windows 11 Home 25H2
[2026-07-02 18:18:28.931] [INFO ] [scan        ] Network Scan  (15.73s)
  >> Adapters=3
[2026-07-02 18:18:53.311] [INFO ] [scan        ] Storage Analysis  (40.11s)
  >> Drives=1 Files=0
[2026-07-02 18:20:15.739] [INFO ] [scan        ] Corruption Scan  (122.54s)
  >> 2 issues
[2026-07-02 18:22:49.515] [INFO ] [scan        ] Windows Update Detection  (0.0ms)
  >> Available=0
[2026-07-02 18:22:50.004] [INFO ] [scan        ] Corruption Scan  (1.25s)
  >> 2 issues
[2026-07-02 18:22:50.877] [INFO ] [scan        ] Performance  (2.12s)
  >> CPU=29% RAM=87%
[2026-07-02 18:22:52.468] [INFO ] [scan        ] Reliability  (3.71s)
  >> index=0.000000 BSOD=0
[2026-07-02 18:22:56.637] [INFO ] [scan        ] Hardware Scan  (7.88s)
  >> 13th Gen Intel(R) Core(TM) i5-13400F
[2026-07-02 18:22:58.773] [INFO ] [scan        ] Windows Info  (10.02s)
  >> Microsoft Windows 11 Home 25H2
[2026-07-02 18:23:02.161] [INFO ] [scan        ] Network Scan  (13.40s)
  >> Adapters=3
[2026-07-02 18:23:08.294] [INFO ] [scan        ] Storage Analysis  (19.54s)
  >> Drives=1 Files=0
[2026-07-02 18:24:35.143] [INFO ] [scan        ] Windows Update Detection  (0.0ms)
  >> Available=0
[2026-07-02 18:24:35.600] [INFO ] [scan        ] Corruption Scan  (1.14s)
  >> 1 issues
[2026-07-02 18:24:36.544] [INFO ] [scan        ] Performance  (2.09s)
  >> CPU=17% RAM=88%
[2026-07-02 18:24:37.942] [INFO ] [scan        ] Reliability  (3.49s)
  >> index=8.900000 BSOD=0
[2026-07-02 18:24:42.225] [INFO ] [scan        ] Hardware Scan  (7.77s)
  >> 13th Gen Intel(R) Core(TM) i5-13400F
[2026-07-02 18:24:44.320] [INFO ] [scan        ] Storage Analysis  (9.87s)
  >> Drives=1 Files=0
[2026-07-02 18:24:44.321] [INFO ] [scan        ] Windows Info  (9.87s)
  >> Microsoft Windows 11 Home 25H2
[2026-07-02 18:24:46.993] [INFO ] [scan        ] Network Scan  (12.54s)
  >> Adapters=3
[2026-07-02 18:24:54.911] [INFO ] [scan        ] Windows Update Detection  (0.0ms)
  >> Available=0
[2026-07-02 18:24:55.330] [INFO ] [scan        ] Corruption Scan  (1.14s)
  >> 1 issues
[2026-07-02 18:24:56.275] [INFO ] [scan        ] Performance  (2.08s)
  >> CPU=27% RAM=87%
[2026-07-02 18:24:57.666] [INFO ] [scan        ] Reliability  (3.47s)
  >> index=8.900000 BSOD=0
[2026-07-02 18:25:01.895] [INFO ] [scan        ] Hardware Scan  (7.70s)
  >> 13th Gen Intel(R) Core(TM) i5-13400F
[2026-07-02 18:25:03.836] [INFO ] [scan        ] Storage Analysis  (9.64s)
  >> Drives=1 Files=0
[2026-07-02 18:25:04.964] [INFO ] [scan        ] Windows Info  (10.77s)
  >> Microsoft Windows 11 Home 25H2
[2026-07-02 18:25:06.115] [INFO ] [scan        ] Network Scan  (11.92s)
  >> Adapters=3
[2026-07-02 18:25:23.199] [INFO ] [scan        ] Startup Analysis  (663.3ms)
  >> Entries=29 Broken=3
[2026-07-02 18:25:34.464] [INFO ] [scan        ] Network Scan  (11.18s)
  >> Adapters=3
[2026-07-02 18:26:38.414] [INFO ] [scan        ] Windows Update Detection  (0.0ms)
  >> Available=0
[2026-07-02 18:26:38.833] [INFO ] [scan        ] Corruption Scan  (1.23s)
  >> 1 issues
[2026-07-02 18:26:39.956] [INFO ] [scan        ] Performance  (2.35s)
  >> CPU=34% RAM=88%
[2026-07-02 18:26:41.399] [INFO ] [scan        ] Reliability  (3.79s)
  >> index=8.900000 BSOD=0
[2026-07-02 18:26:45.766] [INFO ] [scan        ] Hardware Scan  (8.16s)
  >> 13th Gen Intel(R) Core(TM) i5-13400F
[2026-07-02 18:26:47.791] [INFO ] [scan        ] Windows Info  (10.18s)
  >> Microsoft Windows 11 Home 25H2
[2026-07-02 18:26:50.168] [INFO ] [scan        ] Network Scan  (12.56s)
  >> Adapters=3
[2026-07-02 18:31:24.989] [INFO ] [scan        ] Windows Update Detection  (0.0ms)
  >> Available=0
[2026-07-02 18:31:25.680] [INFO ] [scan        ] Corruption Scan  (1.72s)
  >> 1 issues
[2026-07-02 18:31:26.583] [INFO ] [scan        ] Performance  (2.62s)
  >> CPU=46% RAM=89%
[2026-07-02 18:31:32.906] [INFO ] [scan        ] Hardware Scan  (8.95s)
  >> 13th Gen Intel(R) Core(TM) i5-13400F
[2026-07-02 18:31:33.521] [INFO ] [scan        ] Reliability  (9.56s)
  >> index=9.100000 BSOD=0
[2026-07-02 18:31:41.829] [INFO ] [scan        ] Windows Info  (17.87s)
  >> Microsoft Windows 11 Home 25H2
[2026-07-02 18:31:49.769] [INFO ] [scan        ] Network Scan  (25.81s)
  >> Adapters=3
[2026-07-02 18:35:12.573] [INFO ] [scan        ] Windows Update Detection  (0.0ms)
  >> Available=0
[2026-07-02 18:35:13.422] [INFO ] [scan        ] Corruption Scan  (1.84s)
  >> 1 issues
[2026-07-02 18:35:14.425] [INFO ] [scan        ] Performance  (2.84s)
  >> CPU=74% RAM=91%
[2026-07-02 18:35:21.204] [INFO ] [scan        ] Hardware Scan  (9.62s)
  >> 13th Gen Intel(R) Core(TM) i5-13400F
[2026-07-02 18:35:27.983] [INFO ] [scan        ] Reliability  (16.40s)
  >> index=9.100000 BSOD=0
[2026-07-02 18:35:35.215] [INFO ] [scan        ] Windows Info  (23.63s)
  >> Microsoft Windows 11 Home 25H2
[2026-07-02 18:35:43.006] [INFO ] [scan        ] Network Scan  (31.42s)
  >> Adapters=3
[2026-07-02 18:42:35.822] [INFO ] [scan        ] Storage Analysis  (444.24s)
  >> Drives=1 Files=2086871
[2026-07-02 18:43:57.264] [INFO ] [scan        ] Windows Update Detection  (0.0ms)
  >> Available=0
[2026-07-02 18:43:58.702] [INFO ] [scan        ] Corruption Scan  (2.82s)
  >> 1 issues
[2026-07-02 18:43:59.159] [INFO ] [scan        ] Performance  (3.28s)
  >> CPU=71% RAM=90%
[2026-07-02 18:44:05.944] [INFO ] [scan        ] Hardware Scan  (10.07s)
  >> 13th Gen Intel(R) Core(TM) i5-13400F
[2026-07-02 18:44:08.952] [INFO ] [scan        ] Reliability  (13.07s)
  >> index=9.100000 BSOD=0
[2026-07-02 18:44:18.001] [INFO ] [scan        ] Windows Info  (22.12s)
  >> Microsoft Windows 11 Home 25H2
[2026-07-02 18:44:25.951] [INFO ] [scan        ] Network Scan  (30.07s)
  >> Adapters=3
[2026-07-02 18:44:33.374] [INFO ] [scan        ] Storage Analysis  (37.50s)
  >> Drives=1 Files=0
[2026-07-02 19:38:22.272] [INFO ] [scan        ] Hardware Scan  (57.48s)
  >> 13th Gen Intel(R) Core(TM) i5-13400F
